{"/home/odairj/Documentos/passagens/src/domain/Entities/Route.ts": {"path":"/home/odairj/Documentos/passagens/src/domain/Entities/Route.ts","statementMap":{"0":{"start":{"line":1,"column":0},"end":{"line":1,"column":100}},"1":{"start":{"line":4,"column":0},"end":{"line":32,"column":null}},"2":{"start":{"line":9,"column":11},"end":{"line":9,"column":29}},"3":{"start":{"line":12,"column":11},"end":{"line":12,"column":27}},"4":{"start":{"line":15,"column":11},"end":{"line":15,"column":29}},"5":{"start":{"line":20,"column":11},"end":{"line":20,"column":34}},"6":{"start":{"line":25,"column":11},"end":{"line":25,"column":34}},"7":{"start":{"line":28,"column":6},"end":{"line":28,"column":null}},"8":{"start":{"line":29,"column":6},"end":{"line":29,"column":null}},"9":{"start":{"line":30,"column":6},"end":{"line":30,"column":null}},"10":{"start":{"line":6,"column":4},"end":{"line":6,"column":null}},"11":{"start":{"line":9,"column":4},"end":{"line":9,"column":null}},"12":{"start":{"line":12,"column":4},"end":{"line":12,"column":null}},"13":{"start":{"line":15,"column":4},"end":{"line":15,"column":null}},"14":{"start":{"line":20,"column":4},"end":{"line":20,"column":null}},"15":{"start":{"line":25,"column":4},"end":{"line":25,"column":null}},"16":{"start":{"line":4,"column":13},"end":{"line":32,"column":null}},"17":{"start":{"line":4,"column":13},"end":{"line":4,"column":18}}},"fnMap":{"0":{"name":"(anonymous_2)","decl":{"start":{"line":27,"column":4},"end":{"line":27,"column":17}},"loc":{"start":{"line":27,"column":65},"end":{"line":31,"column":5}}}},"branchMap":{},"s":{"0":1,"1":1,"2":1,"3":1,"4":1,"5":1,"6":1,"7":1,"8":1,"9":1,"10":1,"11":1,"12":1,"13":1,"14":1,"15":1,"16":1,"17":1},"f":{"0":1},"b":{}}
,"/home/odairj/Documentos/passagens/src/infra/cache/index.ts": {"path":"/home/odairj/Documentos/passagens/src/infra/cache/index.ts","statementMap":{"0":{"start":{"line":1,"column":0},"end":{"line":1,"column":27}},"1":{"start":{"line":7,"column":6},"end":{"line":11,"column":null}},"2":{"start":{"line":15,"column":20},"end":{"line":15,"column":45}},"3":{"start":{"line":16,"column":6},"end":{"line":16,"column":null}},"4":{"start":{"line":20,"column":6},"end":{"line":20,"column":null}},"5":{"start":{"line":24,"column":6},"end":{"line":24,"column":null}},"6":{"start":{"line":28,"column":0},"end":{"line":28,"column":null}}},"fnMap":{"0":{"name":"(anonymous_1)","decl":{"start":{"line":6,"column":4},"end":{"line":6,"column":null}},"loc":{"start":{"line":6,"column":4},"end":{"line":12,"column":5}}},"1":{"name":"(anonymous_2)","decl":{"start":{"line":14,"column":4},"end":{"line":14,"column":9}},"loc":{"start":{"line":14,"column":18},"end":{"line":17,"column":5}}},"2":{"name":"(anonymous_3)","decl":{"start":{"line":19,"column":4},"end":{"line":19,"column":7}},"loc":{"start":{"line":19,"column":28},"end":{"line":21,"column":5}}},"3":{"name":"(anonymous_4)","decl":{"start":{"line":23,"column":4},"end":{"line":23,"column":7}},"loc":{"start":{"line":23,"column":12},"end":{"line":25,"column":5}}}},"branchMap":{"0":{"loc":{"start":{"line":16,"column":29},"end":{"line":16,"column":46}},"type":"cond-expr","locations":[{"start":{"line":16,"column":29},"end":{"line":16,"column":46}},{"start":{"line":16,"column":49},"end":{"line":16,"column":53}}]}},"s":{"0":1,"1":1,"2":1,"3":1,"4":1,"5":0,"6":1},"f":{"0":1,"1":1,"2":1,"3":0},"b":{"0":[0,1]}}
,"/home/odairj/Documentos/passagens/src/infra/data/implementations/mocks/MySqlRouteRepositoryMock.ts": {"path":"/home/odairj/Documentos/passagens/src/infra/data/implementations/mocks/MySqlRouteRepositoryMock.ts","statementMap":{"0":{"start":{"line":6,"column":4},"end":{"line":6,"column":null}},"1":{"start":{"line":10,"column":4},"end":{"line":10,"column":null}},"2":{"start":{"line":4,"column":0},"end":{"line":4,"column":13}}},"fnMap":{"0":{"name":"(anonymous_0)","decl":{"start":{"line":5,"column":2},"end":{"line":5,"column":6}},"loc":{"start":{"line":5,"column":20},"end":{"line":7,"column":3}}},"1":{"name":"(anonymous_1)","decl":{"start":{"line":9,"column":2},"end":{"line":9,"column":9}},"loc":{"start":{"line":9,"column":9},"end":{"line":11,"column":3}}}},"branchMap":{},"s":{"0":0,"1":0,"2":1},"f":{"0":0,"1":0},"b":{}}
,"/home/odairj/Documentos/passagens/src/service/implementations/RouteService.ts": {"path":"/home/odairj/Documentos/passagens/src/service/implementations/RouteService.ts","statementMap":{"0":{"start":{"line":5,"column":0},"end":{"line":5,"column":51}},"1":{"start":{"line":8,"column":0},"end":{"line":8,"column":37}},"2":{"start":{"line":9,"column":0},"end":{"line":9,"column":50}},"3":{"start":{"line":15,"column":6},"end":{"line":15,"column":null}},"4":{"start":{"line":19,"column":21},"end":{"line":19,"column":84}},"5":{"start":{"line":20,"column":6},"end":{"line":22,"column":null}},"6":{"start":{"line":21,"column":8},"end":{"line":21,"column":null}},"7":{"start":{"line":23,"column":26},"end":{"line":23,"column":62}},"8":{"start":{"line":25,"column":43},"end":{"line":33,"column":null}},"9":{"start":{"line":35,"column":6},"end":{"line":53,"column":null}},"10":{"start":{"line":36,"column":31},"end":{"line":36,"column":121}},"11":{"start":{"line":36,"column":52},"end":{"line":36,"column":120}},"12":{"start":{"line":37,"column":8},"end":{"line":52,"column":null}},"13":{"start":{"line":38,"column":38},"end":{"line":40,"column":12}},"14":{"start":{"line":39,"column":12},"end":{"line":39,"column":null}},"15":{"start":{"line":41,"column":10},"end":{"line":41,"column":null}},"16":{"start":{"line":42,"column":10},"end":{"line":42,"column":null}},"17":{"start":{"line":43,"column":10},"end":{"line":43,"column":null}},"18":{"start":{"line":44,"column":10},"end":{"line":44,"column":null}},"19":{"start":{"line":45,"column":10},"end":{"line":45,"column":null}},"20":{"start":{"line":46,"column":10},"end":{"line":46,"column":null}},"21":{"start":{"line":48,"column":10},"end":{"line":48,"column":null}},"22":{"start":{"line":49,"column":10},"end":{"line":49,"column":null}},"23":{"start":{"line":50,"column":10},"end":{"line":50,"column":null}},"24":{"start":{"line":51,"column":10},"end":{"line":51,"column":null}},"25":{"start":{"line":55,"column":6},"end":{"line":55,"column":null}},"26":{"start":{"line":56,"column":27},"end":{"line":56,"column":56}},"27":{"start":{"line":57,"column":26},"end":{"line":57,"column":91}},"28":{"start":{"line":57,"column":70},"end":{"line":57,"column":89}},"29":{"start":{"line":59,"column":46},"end":{"line":59,"column":89}},"30":{"start":{"line":61,"column":6},"end":{"line":61,"column":null}},"31":{"start":{"line":63,"column":6},"end":{"line":63,"column":null}},"32":{"start":{"line":67,"column":6},"end":{"line":69,"column":null}},"33":{"start":{"line":68,"column":8},"end":{"line":68,"column":null}},"34":{"start":{"line":71,"column":20},"end":{"line":71,"column":39}},"35":{"start":{"line":72,"column":21},"end":{"line":72,"column":59}},"36":{"start":{"line":73,"column":6},"end":{"line":73,"column":null}},"37":{"start":{"line":77,"column":21},"end":{"line":77,"column":41}},"38":{"start":{"line":78,"column":6},"end":{"line":78,"column":null}},"39":{"start":{"line":11,"column":0},"end":{"line":11,"column":13}}},"fnMap":{"0":{"name":"(anonymous_1)","decl":{"start":{"line":14,"column":4},"end":{"line":14,"column":17}},"loc":{"start":{"line":14,"column":50},"end":{"line":16,"column":5}}},"1":{"name":"(anonymous_2)","decl":{"start":{"line":18,"column":4},"end":{"line":18,"column":9}},"loc":{"start":{"line":18,"column":62},"end":{"line":64,"column":5}}},"2":{"name":"(anonymous_3)","decl":{"start":{"line":36,"column":45},"end":{"line":36,"column":46}},"loc":{"start":{"line":36,"column":52},"end":{"line":36,"column":120}}},"3":{"name":"(anonymous_4)","decl":{"start":{"line":38,"column":60},"end":{"line":38,"column":70}},"loc":{"start":{"line":38,"column":80},"end":{"line":40,"column":11}}},"4":{"name":"(anonymous_5)","decl":{"start":{"line":57,"column":52},"end":{"line":57,"column":53}},"loc":{"start":{"line":57,"column":67},"end":{"line":57,"column":90}}},"5":{"name":"(anonymous_6)","decl":{"start":{"line":66,"column":4},"end":{"line":66,"column":9}},"loc":{"start":{"line":66,"column":42},"end":{"line":74,"column":5}}},"6":{"name":"(anonymous_7)","decl":{"start":{"line":76,"column":4},"end":{"line":76,"column":9}},"loc":{"start":{"line":76,"column":23},"end":{"line":79,"column":5}}}},"branchMap":{"0":{"loc":{"start":{"line":20,"column":6},"end":{"line":22,"column":null}},"type":"if","locations":[{"start":{"line":20,"column":6},"end":{"line":22,"column":null}},{"start":{"line":20,"column":6},"end":{"line":22,"column":null}}]},"1":{"loc":{"start":{"line":36,"column":52},"end":{"line":36,"column":82}},"type":"binary-expr","locations":[{"start":{"line":36,"column":52},"end":{"line":36,"column":82}},{"start":{"line":36,"column":86},"end":{"line":36,"column":120}}]},"2":{"loc":{"start":{"line":37,"column":8},"end":{"line":52,"column":null}},"type":"if","locations":[{"start":{"line":37,"column":8},"end":{"line":52,"column":null}},{"start":{"line":37,"column":8},"end":{"line":52,"column":null}}]},"3":{"loc":{"start":{"line":39,"column":65},"end":{"line":39,"column":69}},"type":"cond-expr","locations":[{"start":{"line":39,"column":65},"end":{"line":39,"column":69}},{"start":{"line":39,"column":72},"end":{"line":39,"column":76}}]},"4":{"loc":{"start":{"line":67,"column":6},"end":{"line":69,"column":null}},"type":"if","locations":[{"start":{"line":67,"column":6},"end":{"line":69,"column":null}},{"start":{"line":67,"column":6},"end":{"line":69,"column":null}}]}},"s":{"0":1,"1":1,"2":1,"3":6,"4":2,"5":2,"6":1,"7":1,"8":1,"9":1,"10":1,"11":1,"12":1,"13":1,"14":0,"15":1,"16":1,"17":1,"18":1,"19":1,"20":1,"21":0,"22":0,"23":0,"24":0,"25":1,"26":1,"27":1,"28":0,"29":1,"30":1,"31":1,"32":2,"33":1,"34":1,"35":1,"36":1,"37":1,"38":1,"39":1},"f":{"0":6,"1":2,"2":1,"3":0,"4":0,"5":2,"6":1},"b":{"0":[1,1],"1":[1,1],"2":[1,0],"3":[0,0],"4":[1,1]}}
,"/home/odairj/Documentos/passagens/src/service/utils/Validators.ts": {"path":"/home/odairj/Documentos/passagens/src/service/utils/Validators.ts","statementMap":{"0":{"start":{"line":4,"column":2},"end":{"line":8,"column":null}},"1":{"start":{"line":5,"column":4},"end":{"line":5,"column":null}},"2":{"start":{"line":7,"column":4},"end":{"line":7,"column":null}},"3":{"start":{"line":3,"column":0},"end":{"line":3,"column":16}}},"fnMap":{"0":{"name":"validateBody","decl":{"start":{"line":3,"column":16},"end":{"line":3,"column":28}},"loc":{"start":{"line":3,"column":49},"end":{"line":9,"column":1}}}},"branchMap":{"0":{"loc":{"start":{"line":4,"column":2},"end":{"line":8,"column":null}},"type":"if","locations":[{"start":{"line":4,"column":2},"end":{"line":8,"column":null}},{"start":{"line":4,"column":2},"end":{"line":8,"column":null}}]},"1":{"loc":{"start":{"line":4,"column":6},"end":{"line":4,"column":19}},"type":"binary-expr","locations":[{"start":{"line":4,"column":6},"end":{"line":4,"column":19}},{"start":{"line":4,"column":23},"end":{"line":4,"column":43}},{"start":{"line":4,"column":47},"end":{"line":4,"column":58}},{"start":{"line":4,"column":62},"end":{"line":4,"column":80}},{"start":{"line":4,"column":84},"end":{"line":4,"column":98}},{"start":{"line":4,"column":102},"end":{"line":4,"column":122}}]}},"s":{"0":4,"1":2,"2":2,"3":2},"f":{"0":4},"b":{"0":[2,2],"1":[4,2,2,2,2,2]}}
}
