TN:
SF:src/domain/Entities/Route.ts
FN:27,(anonymous_2)
FNF:1
FNH:1
FNDA:1,(anonymous_2)
DA:1,1
DA:4,1
DA:6,1
DA:9,1
DA:12,1
DA:15,1
DA:20,1
DA:25,1
DA:28,1
DA:29,1
DA:30,1
LF:11
LH:11
BRF:0
BRH:0
end_of_record
TN:
SF:src/infra/cache/index.ts
FN:6,(anonymous_1)
FN:14,(anonymous_2)
FN:19,(anonymous_3)
FN:23,(anonymous_4)
FNF:4
FNH:3
FNDA:1,(anonymous_1)
FNDA:1,(anonymous_2)
FNDA:1,(anonymous_3)
FNDA:0,(anonymous_4)
DA:1,1
DA:7,1
DA:15,1
DA:16,1
DA:20,1
DA:24,0
DA:28,1
LF:7
LH:6
BRDA:16,0,0,0
BRDA:16,0,1,1
BRF:2
BRH:1
end_of_record
TN:
SF:src/infra/data/implementations/mocks/MySqlRouteRepositoryMock.ts
FN:5,(anonymous_0)
FN:9,(anonymous_1)
FNF:2
FNH:0
FNDA:0,(anonymous_0)
FNDA:0,(anonymous_1)
DA:4,1
DA:6,0
DA:10,0
LF:3
LH:1
BRF:0
BRH:0
end_of_record
TN:
SF:src/service/implementations/RouteService.ts
FN:14,(anonymous_1)
FN:18,(anonymous_2)
FN:36,(anonymous_3)
FN:38,(anonymous_4)
FN:57,(anonymous_5)
FN:66,(anonymous_6)
FN:76,(anonymous_7)
FNF:7
FNH:5
FNDA:6,(anonymous_1)
FNDA:2,(anonymous_2)
FNDA:1,(anonymous_3)
FNDA:0,(anonymous_4)
FNDA:0,(anonymous_5)
FNDA:2,(anonymous_6)
FNDA:1,(anonymous_7)
DA:5,1
DA:8,1
DA:9,1
DA:11,1
DA:15,6
DA:19,2
DA:20,2
DA:21,1
DA:23,1
DA:25,1
DA:35,1
DA:36,1
DA:37,1
DA:38,1
DA:39,0
DA:41,1
DA:42,1
DA:43,1
DA:44,1
DA:45,1
DA:46,1
DA:48,0
DA:49,0
DA:50,0
DA:51,0
DA:55,1
DA:56,1
DA:57,1
DA:59,1
DA:61,1
DA:63,1
DA:67,2
DA:68,1
DA:71,1
DA:72,1
DA:73,1
DA:77,1
DA:78,1
LF:38
LH:33
BRDA:20,0,0,1
BRDA:20,0,1,1
BRDA:36,1,0,1
BRDA:36,1,1,1
BRDA:37,2,0,1
BRDA:37,2,1,0
BRDA:39,3,0,0
BRDA:39,3,1,0
BRDA:67,4,0,1
BRDA:67,4,1,1
BRF:10
BRH:7
end_of_record
TN:
SF:src/service/utils/Validators.ts
FN:3,validateBody
FNF:1
FNH:1
FNDA:4,validateBody
DA:3,2
DA:4,4
DA:5,2
DA:7,2
LF:4
LH:4
BRDA:4,0,0,2
BRDA:4,0,1,2
BRDA:4,1,0,4
BRDA:4,1,1,2
BRDA:4,1,2,2
BRDA:4,1,3,2
BRDA:4,1,4,2
BRDA:4,1,5,2
BRF:8
BRH:8
end_of_record
